Using pre-set license
Built from '2020.3/staging' branch; Version is '2020.3.11f1 (99c7afb366b3) revision 10078127'; Using compiler version '192528614'; Build Type 'Release'
OS: 'Windows 10 Pro; OS build 19042.1052; Version 2009; 64bit' Language: 'pl' Physical Memory: 8082 MB
BatchMode: 1, IsHumanControllingUs: 0, StartBugReporterOnCrash: 0, Is64bit: 1, IsPro: 0

 COMMAND LINE ARGUMENTS:
C:\Program Files\Unity\Hub\Editor\2020.3.11f1\Editor\Unity.exe
-adb2
-batchMode
-noUpm
-name
AssetImportWorker1
-projectPath
C:/Users/User/Birds
-logFile
Logs/AssetImportWorker1.log
-srvPort
56209
Successfully changed project path to: C:/Users/User/Birds
C:/Users/User/Birds
Using Asset Import Pipeline V2.
Refreshing native plugins compatible for Editor in 87.08 ms, found 3 plugins.
Preloading 0 native plugins for Editor in 0.00 ms.
Initialize engine version: 2020.3.11f1 (99c7afb366b3)
[Subsystems] Discovering subsystems at path C:/Program Files/Unity/Hub/Editor/2020.3.11f1/Editor/Data/Resources/UnitySubsystems
[Subsystems] Discovering subsystems at path C:/Users/User/Birds/Assets
GfxDevice: creating device client; threaded=0
Direct3D:
    Version:  Direct3D 11.0 [level 11.1]
    Renderer: Intel(R) HD Graphics 5500 (ID=0x1616)
    Vendor:   
    VRAM:     4041 MB
    Driver:   20.19.15.4835
Initialize mono
Mono path[0] = 'C:/Program Files/Unity/Hub/Editor/2020.3.11f1/Editor/Data/Managed'
Mono path[1] = 'C:/Program Files/Unity/Hub/Editor/2020.3.11f1/Editor/Data/MonoBleedingEdge/lib/mono/unityjit'
Mono config path = 'C:/Program Files/Unity/Hub/Editor/2020.3.11f1/Editor/Data/MonoBleedingEdge/etc'
Using monoOptions --debugger-agent=transport=dt_socket,embedding=1,server=y,suspend=n,address=127.0.0.1:56336
Begin MonoManager ReloadAssembly
Registering precompiled unity dll's ...
Register platform support module: C:/Program Files/Unity/Hub/Editor/2020.3.11f1/Editor/Data/PlaybackEngines/WebGLSupport/UnityEditor.WebGL.Extensions.dll
Register platform support module: C:/Program Files/Unity/Hub/Editor/2020.3.11f1/Editor/Data/PlaybackEngines/WindowsStandaloneSupport/UnityEditor.WindowsStandalone.Extensions.dll
Registered in 0.003333 seconds.
Native extension for WindowsStandalone target not found
Native extension for WebGL target not found
Refreshing native plugins compatible for Editor in 73.18 ms, found 3 plugins.
Preloading 0 native plugins for Editor in 0.00 ms.
Mono: successfully reloaded assembly
- Completed reload, in  4.847 seconds
Platform modules already initialized, skipping
Registering precompiled user dll's ...
Registered in 0.005981 seconds.
Begin MonoManager ReloadAssembly
Native extension for WindowsStandalone target not found
Native extension for WebGL target not found
Refreshing native plugins compatible for Editor in 67.73 ms, found 3 plugins.
Preloading 0 native plugins for Editor in 0.00 ms.
Mono: successfully reloaded assembly
- Completed reload, in  2.613 seconds
Platform modules already initialized, skipping
========================================================================
Worker process is ready to serve import requests
Launched and connected shader compiler UnityShaderCompiler.exe after 0.15 seconds
Refreshing native plugins compatible for Editor in 1.49 ms, found 3 plugins.
Preloading 0 native plugins for Editor in 0.00 ms.
Unloading 2234 Unused Serialized files (Serialized files now loaded: 0)
System memory in use before: 98.2 MB.
System memory in use after: 98.2 MB.

Unloading 34 unused Assets to reduce memory usage. Loaded Objects now: 2671.
Total: 3.298900 ms (FindLiveObjects: 0.302300 ms CreateObjectMapping: 0.178600 ms MarkObjects: 2.647400 ms  DeleteObjects: 0.169100 ms)

========================================================================
Received Import Request.
  path: Assets/Prefabs/LevelControler.prefab
  artifactKey: Guid(c0fbf8012adfef6429b9929d7de652be) Importer(815301076,1909f56bfc062723c751e8b465ee728b)
Start importing Assets/Prefabs/LevelControler.prefab using Guid(c0fbf8012adfef6429b9929d7de652be) Importer(815301076,1909f56bfc062723c751e8b465ee728b)  -> (artifact id: '5d82e927d13bdf63776bc440384feea4') in 0.102883 seconds
  Import took 0.113106 seconds .

========================================================================
Received Import Request.
  Time since last request: 0.000361 seconds.
  path: Assets/Prefabs/Summer Ground.prefab
  artifactKey: Guid(901bde27a5340a540b59213138dcbec2) Importer(815301076,1909f56bfc062723c751e8b465ee728b)
Start importing Assets/Prefabs/Summer Ground.prefab using Guid(901bde27a5340a540b59213138dcbec2) Importer(815301076,1909f56bfc062723c751e8b465ee728b)  -> (artifact id: '85284e5620221efdb0148aab3baf7e9d') in 0.147410 seconds
  Import took 0.153841 seconds .

========================================================================
Received Import Request.
  Time since last request: 0.000274 seconds.
  path: Assets/Prefabs/Canvas.prefab
  artifactKey: Guid(8c74b69dc1d10d149bd74f41c85e64f9) Importer(815301076,1909f56bfc062723c751e8b465ee728b)
Start importing Assets/Prefabs/Canvas.prefab using Guid(8c74b69dc1d10d149bd74f41c85e64f9) Importer(815301076,1909f56bfc062723c751e8b465ee728b)  -> (artifact id: 'c8ffb336820ffe8c00074fc4c0fd35dc') in 0.132884 seconds
  Import took 0.138510 seconds .

========================================================================
Received Prepare
Registering precompiled user dll's ...
Registered in 0.005620 seconds.
Begin MonoManager ReloadAssembly
Native extension for WindowsStandalone target not found
Native extension for WebGL target not found
Refreshing native plugins compatible for Editor in 0.63 ms, found 3 plugins.
Preloading 0 native plugins for Editor in 0.00 ms.
Mono: successfully reloaded assembly
- Completed reload, in  1.949 seconds
Platform modules already initialized, skipping
Refreshing native plugins compatible for Editor in 0.69 ms, found 3 plugins.
Preloading 0 native plugins for Editor in 0.00 ms.
Unloading 2227 Unused Serialized files (Serialized files now loaded: 0)
System memory in use before: 101.2 MB.
System memory in use after: 101.1 MB.

Unloading 22 unused Assets to reduce memory usage. Loaded Objects now: 2684.
Total: 3.205000 ms (FindLiveObjects: 0.468700 ms CreateObjectMapping: 0.143600 ms MarkObjects: 2.458200 ms  DeleteObjects: 0.132300 ms)

========================================================================
Received Prepare
Registering precompiled user dll's ...
Registered in 0.006378 seconds.
Begin MonoManager ReloadAssembly
Native extension for WindowsStandalone target not found
Native extension for WebGL target not found
Refreshing native plugins compatible for Editor in 0.83 ms, found 3 plugins.
Preloading 0 native plugins for Editor in 0.00 ms.
Mono: successfully reloaded assembly
- Completed reload, in  2.007 seconds
Platform modules already initialized, skipping
Refreshing native plugins compatible for Editor in 0.93 ms, found 3 plugins.
Preloading 0 native plugins for Editor in 0.00 ms.
Unloading 2227 Unused Serialized files (Serialized files now loaded: 0)
System memory in use before: 101.2 MB.
System memory in use after: 101.2 MB.

Unloading 22 unused Assets to reduce memory usage. Loaded Objects now: 2688.
Total: 3.344600 ms (FindLiveObjects: 0.306000 ms CreateObjectMapping: 0.179300 ms MarkObjects: 2.709500 ms  DeleteObjects: 0.148100 ms)

========================================================================
Received Import Request.
  Time since last request: 95.548855 seconds.
  path: Assets/Prefabs/Killers.prefab
  artifactKey: Guid(a480d260f2d27eb47b8ac925769d2f57) Importer(815301076,1909f56bfc062723c751e8b465ee728b)
Start importing Assets/Prefabs/Killers.prefab using Guid(a480d260f2d27eb47b8ac925769d2f57) Importer(815301076,1909f56bfc062723c751e8b465ee728b)  -> (artifact id: '128336dc0313a0bc28ae9d1f157dd6a6') in 0.149215 seconds
  Import took 0.156898 seconds .

========================================================================
Received Import Request.
  Time since last request: 0.031962 seconds.
  path: Assets/Prefabs/Killers.prefab
  artifactKey: Guid(a480d260f2d27eb47b8ac925769d2f57) Importer(815301076,1909f56bfc062723c751e8b465ee728b)
Start importing Assets/Prefabs/Killers.prefab using Guid(a480d260f2d27eb47b8ac925769d2f57) Importer(815301076,1909f56bfc062723c751e8b465ee728b)  -> (artifact id: '128336dc0313a0bc28ae9d1f157dd6a6') in 0.034784 seconds
  Import took 0.046224 seconds .

========================================================================
Received Prepare
Registering precompiled user dll's ...
Registered in 0.011723 seconds.
Begin MonoManager ReloadAssembly
Native extension for WindowsStandalone target not found
Native extension for WebGL target not found
Refreshing native plugins compatible for Editor in 1.05 ms, found 3 plugins.
Preloading 0 native plugins for Editor in 0.00 ms.
Mono: successfully reloaded assembly
- Completed reload, in  1.913 seconds
Platform modules already initialized, skipping
Refreshing native plugins compatible for Editor in 0.82 ms, found 3 plugins.
Preloading 0 native plugins for Editor in 0.00 ms.
Unloading 2227 Unused Serialized files (Serialized files now loaded: 0)
System memory in use before: 101.2 MB.
System memory in use after: 101.2 MB.

Unloading 22 unused Assets to reduce memory usage. Loaded Objects now: 2693.
Total: 3.416300 ms (FindLiveObjects: 0.308400 ms CreateObjectMapping: 0.179700 ms MarkObjects: 2.773700 ms  DeleteObjects: 0.153100 ms)

========================================================================
Received Prepare
Registering precompiled user dll's ...
Registered in 2.393819 seconds.
Begin MonoManager ReloadAssembly
Native extension for WindowsStandalone target not found
Native extension for WebGL target not found
Refreshing native plugins compatible for Editor in 0.75 ms, found 3 plugins.
Preloading 0 native plugins for Editor in 0.00 ms.
Mono: successfully reloaded assembly
- Completed reload, in 11.553 seconds
Platform modules already initialized, skipping
Refreshing native plugins compatible for Editor in 1.11 ms, found 3 plugins.
Preloading 0 native plugins for Editor in 0.00 ms.
Unloading 2227 Unused Serialized files (Serialized files now loaded: 0)
System memory in use before: 101.3 MB.
System memory in use after: 101.3 MB.

Unloading 22 unused Assets to reduce memory usage. Loaded Objects now: 2697.
Total: 5.383900 ms (FindLiveObjects: 0.581800 ms CreateObjectMapping: 0.230000 ms MarkObjects: 4.297200 ms  DeleteObjects: 0.273200 ms)

========================================================================
Received Prepare
Registering precompiled user dll's ...
Registered in 0.021992 seconds.
Begin MonoManager ReloadAssembly
Native extension for WindowsStandalone target not found
Native extension for WebGL target not found
Refreshing native plugins compatible for Editor in 0.99 ms, found 3 plugins.
Preloading 0 native plugins for Editor in 0.00 ms.
Mono: successfully reloaded assembly
- Completed reload, in  3.075 seconds
Platform modules already initialized, skipping
Refreshing native plugins compatible for Editor in 1.13 ms, found 3 plugins.
Preloading 0 native plugins for Editor in 0.00 ms.
Unloading 2227 Unused Serialized files (Serialized files now loaded: 0)
System memory in use before: 101.2 MB.
System memory in use after: 101.1 MB.

Unloading 22 unused Assets to reduce memory usage. Loaded Objects now: 2701.
Total: 5.156500 ms (FindLiveObjects: 0.357600 ms CreateObjectMapping: 0.253700 ms MarkObjects: 4.309100 ms  DeleteObjects: 0.234100 ms)

========================================================================
Received Prepare
Registering precompiled user dll's ...
Registered in 0.016292 seconds.
Begin MonoManager ReloadAssembly
Native extension for WindowsStandalone target not found
Native extension for WebGL target not found
Refreshing native plugins compatible for Editor in 1.23 ms, found 3 plugins.
Preloading 0 native plugins for Editor in 0.00 ms.
Mono: successfully reloaded assembly
- Completed reload, in  4.789 seconds
Platform modules already initialized, skipping
Refreshing native plugins compatible for Editor in 1.05 ms, found 3 plugins.
Preloading 0 native plugins for Editor in 0.00 ms.
Unloading 2227 Unused Serialized files (Serialized files now loaded: 0)
System memory in use before: 101.4 MB.
System memory in use after: 101.3 MB.

Unloading 22 unused Assets to reduce memory usage. Loaded Objects now: 2705.
Total: 12.820800 ms (FindLiveObjects: 1.113200 ms CreateObjectMapping: 0.515300 ms MarkObjects: 10.500100 ms  DeleteObjects: 0.686700 ms)

========================================================================
Received Prepare
Registering precompiled user dll's ...
Registered in 0.006864 seconds.
Begin MonoManager ReloadAssembly
Native extension for WindowsStandalone target not found
Native extension for WebGL target not found
Refreshing native plugins compatible for Editor in 1.00 ms, found 3 plugins.
Preloading 0 native plugins for Editor in 0.00 ms.
Mono: successfully reloaded assembly
- Completed reload, in  2.358 seconds
Platform modules already initialized, skipping
Refreshing native plugins compatible for Editor in 1.52 ms, found 3 plugins.
Preloading 0 native plugins for Editor in 0.00 ms.
Unloading 2227 Unused Serialized files (Serialized files now loaded: 0)
System memory in use before: 101.4 MB.
System memory in use after: 101.4 MB.

Unloading 22 unused Assets to reduce memory usage. Loaded Objects now: 2709.
Total: 7.391700 ms (FindLiveObjects: 0.486700 ms CreateObjectMapping: 2.407200 ms MarkObjects: 4.301000 ms  DeleteObjects: 0.194200 ms)

========================================================================
Received Prepare
Registering precompiled user dll's ...
Registered in 0.023367 seconds.
Begin MonoManager ReloadAssembly
Native extension for WindowsStandalone target not found
Native extension for WebGL target not found
Refreshing native plugins compatible for Editor in 0.96 ms, found 3 plugins.
Preloading 0 native plugins for Editor in 0.00 ms.
Mono: successfully reloaded assembly
- Completed reload, in  3.187 seconds
Platform modules already initialized, skipping
Refreshing native plugins compatible for Editor in 3.23 ms, found 3 plugins.
Preloading 0 native plugins for Editor in 0.00 ms.
Unloading 2227 Unused Serialized files (Serialized files now loaded: 0)
System memory in use before: 101.4 MB.
System memory in use after: 101.4 MB.

Unloading 22 unused Assets to reduce memory usage. Loaded Objects now: 2713.
Total: 5.669200 ms (FindLiveObjects: 0.521300 ms CreateObjectMapping: 0.614100 ms MarkObjects: 4.279000 ms  DeleteObjects: 0.252000 ms)

========================================================================
Received Prepare
Registering precompiled user dll's ...
Registered in 0.013105 seconds.
Begin MonoManager ReloadAssembly
Native extension for WindowsStandalone target not found
Native extension for WebGL target not found
Refreshing native plugins compatible for Editor in 0.60 ms, found 3 plugins.
Preloading 0 native plugins for Editor in 0.00 ms.
Mono: successfully reloaded assembly
- Completed reload, in  2.022 seconds
Platform modules already initialized, skipping
Refreshing native plugins compatible for Editor in 1.13 ms, found 3 plugins.
Preloading 0 native plugins for Editor in 0.00 ms.
Unloading 2227 Unused Serialized files (Serialized files now loaded: 0)
System memory in use before: 101.4 MB.
System memory in use after: 101.5 MB.

Unloading 22 unused Assets to reduce memory usage. Loaded Objects now: 2717.
Total: 3.690300 ms (FindLiveObjects: 0.372700 ms CreateObjectMapping: 0.218300 ms MarkObjects: 2.899300 ms  DeleteObjects: 0.197500 ms)

========================================================================
Received Prepare
Registering precompiled user dll's ...
Registered in 0.024422 seconds.
Begin MonoManager ReloadAssembly
Native extension for WindowsStandalone target not found
Native extension for WebGL target not found
Refreshing native plugins compatible for Editor in 1.86 ms, found 3 plugins.
Preloading 0 native plugins for Editor in 0.00 ms.
Mono: successfully reloaded assembly
- Completed reload, in  6.851 seconds
Platform modules already initialized, skipping
Refreshing native plugins compatible for Editor in 1.19 ms, found 3 plugins.
Preloading 0 native plugins for Editor in 0.00 ms.
Unloading 2227 Unused Serialized files (Serialized files now loaded: 0)
System memory in use before: 101.3 MB.
System memory in use after: 101.4 MB.

Unloading 22 unused Assets to reduce memory usage. Loaded Objects now: 2721.
Total: 19.339500 ms (FindLiveObjects: 0.656900 ms CreateObjectMapping: 0.277900 ms MarkObjects: 18.017900 ms  DeleteObjects: 0.383800 ms)

========================================================================
Received Prepare
Registering precompiled user dll's ...
Registered in 0.017691 seconds.
Begin MonoManager ReloadAssembly
Native extension for WindowsStandalone target not found
Native extension for WebGL target not found
Refreshing native plugins compatible for Editor in 0.60 ms, found 3 plugins.
Preloading 0 native plugins for Editor in 0.00 ms.
Mono: successfully reloaded assembly
- Completed reload, in  1.977 seconds
Platform modules already initialized, skipping
Refreshing native plugins compatible for Editor in 1.69 ms, found 3 plugins.
Preloading 0 native plugins for Editor in 0.00 ms.
Unloading 2227 Unused Serialized files (Serialized files now loaded: 0)
System memory in use before: 101.4 MB.
System memory in use after: 101.5 MB.

Unloading 22 unused Assets to reduce memory usage. Loaded Objects now: 2725.
Total: 3.704100 ms (FindLiveObjects: 0.327300 ms CreateObjectMapping: 0.210600 ms MarkObjects: 2.995800 ms  DeleteObjects: 0.168300 ms)

========================================================================
Received Prepare
Registering precompiled user dll's ...
Registered in 0.010639 seconds.
Begin MonoManager ReloadAssembly
Native extension for WindowsStandalone target not found
Native extension for WebGL target not found
Refreshing native plugins compatible for Editor in 0.95 ms, found 3 plugins.
Preloading 0 native plugins for Editor in 0.00 ms.
Mono: successfully reloaded assembly
- Completed reload, in  3.271 seconds
Platform modules already initialized, skipping
Refreshing native plugins compatible for Editor in 1.11 ms, found 3 plugins.
Preloading 0 native plugins for Editor in 0.00 ms.
Unloading 2227 Unused Serialized files (Serialized files now loaded: 0)
System memory in use before: 101.5 MB.
System memory in use after: 101.6 MB.

Unloading 22 unused Assets to reduce memory usage. Loaded Objects now: 2729.
Total: 5.583100 ms (FindLiveObjects: 0.684800 ms CreateObjectMapping: 0.469900 ms MarkObjects: 4.261800 ms  DeleteObjects: 0.161400 ms)

========================================================================
Received Prepare
Registering precompiled user dll's ...
Registered in 0.007534 seconds.
Begin MonoManager ReloadAssembly
Native extension for WindowsStandalone target not found
Native extension for WebGL target not found
Refreshing native plugins compatible for Editor in 2.59 ms, found 3 plugins.
Preloading 0 native plugins for Editor in 0.00 ms.
Mono: successfully reloaded assembly
- Completed reload, in  3.491 seconds
Platform modules already initialized, skipping
Refreshing native plugins compatible for Editor in 1.75 ms, found 3 plugins.
Preloading 0 native plugins for Editor in 0.00 ms.
Unloading 2227 Unused Serialized files (Serialized files now loaded: 0)
System memory in use before: 101.5 MB.
System memory in use after: 101.6 MB.

Unloading 22 unused Assets to reduce memory usage. Loaded Objects now: 2733.
Total: 4.137000 ms (FindLiveObjects: 0.569600 ms CreateObjectMapping: 0.242400 ms MarkObjects: 3.130400 ms  DeleteObjects: 0.190800 ms)

========================================================================
Received Prepare
Registering precompiled user dll's ...
Registered in 0.017125 seconds.
Begin MonoManager ReloadAssembly
Native extension for WindowsStandalone target not found
Native extension for WebGL target not found
Refreshing native plugins compatible for Editor in 1.10 ms, found 3 plugins.
Preloading 0 native plugins for Editor in 0.00 ms.
Mono: successfully reloaded assembly
- Completed reload, in  3.752 seconds
Platform modules already initialized, skipping
Refreshing native plugins compatible for Editor in 1.03 ms, found 3 plugins.
Preloading 0 native plugins for Editor in 0.00 ms.
Unloading 2227 Unused Serialized files (Serialized files now loaded: 0)
System memory in use before: 101.5 MB.
System memory in use after: 101.6 MB.

Unloading 22 unused Assets to reduce memory usage. Loaded Objects now: 2737.
Total: 3.595600 ms (FindLiveObjects: 0.465800 ms CreateObjectMapping: 0.217400 ms MarkObjects: 2.677300 ms  DeleteObjects: 0.232800 ms)

========================================================================
Received Prepare
Registering precompiled user dll's ...
Registered in 0.005600 seconds.
Begin MonoManager ReloadAssembly
Native extension for WindowsStandalone target not found
Native extension for WebGL target not found
Refreshing native plugins compatible for Editor in 0.59 ms, found 3 plugins.
Preloading 0 native plugins for Editor in 0.00 ms.
Mono: successfully reloaded assembly
- Completed reload, in  2.405 seconds
Platform modules already initialized, skipping
Refreshing native plugins compatible for Editor in 0.87 ms, found 3 plugins.
Preloading 0 native plugins for Editor in 0.00 ms.
Unloading 2227 Unused Serialized files (Serialized files now loaded: 0)
System memory in use before: 101.4 MB.
System memory in use after: 101.5 MB.

Unloading 22 unused Assets to reduce memory usage. Loaded Objects now: 2741.
Total: 4.564100 ms (FindLiveObjects: 0.352500 ms CreateObjectMapping: 0.189700 ms MarkObjects: 3.327800 ms  DeleteObjects: 0.691400 ms)

========================================================================
Received Prepare
Registering precompiled user dll's ...
Registered in 0.030846 seconds.
Begin MonoManager ReloadAssembly
Native extension for WindowsStandalone target not found
Native extension for WebGL target not found
Refreshing native plugins compatible for Editor in 0.63 ms, found 3 plugins.
Preloading 0 native plugins for Editor in 0.00 ms.
Mono: successfully reloaded assembly
- Completed reload, in  3.172 seconds
Platform modules already initialized, skipping
Refreshing native plugins compatible for Editor in 9.50 ms, found 3 plugins.
Preloading 0 native plugins for Editor in 0.00 ms.
Unloading 2227 Unused Serialized files (Serialized files now loaded: 0)
System memory in use before: 101.5 MB.
System memory in use after: 101.6 MB.

Unloading 22 unused Assets to reduce memory usage. Loaded Objects now: 2745.
Total: 8.164400 ms (FindLiveObjects: 2.083300 ms CreateObjectMapping: 0.474100 ms MarkObjects: 5.361000 ms  DeleteObjects: 0.242700 ms)

========================================================================
Received Prepare
Registering precompiled user dll's ...
Registered in 0.017244 seconds.
Begin MonoManager ReloadAssembly
Native extension for WindowsStandalone target not found
Native extension for WebGL target not found
Refreshing native plugins compatible for Editor in 0.92 ms, found 3 plugins.
Preloading 0 native plugins for Editor in 0.00 ms.
Mono: successfully reloaded assembly
- Completed reload, in  3.019 seconds
Platform modules already initialized, skipping
Refreshing native plugins compatible for Editor in 1.12 ms, found 3 plugins.
Preloading 0 native plugins for Editor in 0.00 ms.
Unloading 2227 Unused Serialized files (Serialized files now loaded: 0)
System memory in use before: 101.6 MB.
System memory in use after: 101.6 MB.

Unloading 22 unused Assets to reduce memory usage. Loaded Objects now: 2749.
Total: 8.668200 ms (FindLiveObjects: 1.012800 ms CreateObjectMapping: 0.391900 ms MarkObjects: 5.729900 ms  DeleteObjects: 1.529900 ms)

========================================================================
Received Prepare
Registering precompiled user dll's ...
Registered in 0.007410 seconds.
Begin MonoManager ReloadAssembly
Native extension for WindowsStandalone target not found
Native extension for WebGL target not found
Refreshing native plugins compatible for Editor in 1.18 ms, found 3 plugins.
Preloading 0 native plugins for Editor in 0.00 ms.
Mono: successfully reloaded assembly
- Completed reload, in  2.446 seconds
Platform modules already initialized, skipping
Refreshing native plugins compatible for Editor in 1.06 ms, found 3 plugins.
Preloading 0 native plugins for Editor in 0.00 ms.
Unloading 2227 Unused Serialized files (Serialized files now loaded: 0)
System memory in use before: 101.6 MB.
System memory in use after: 101.6 MB.

Unloading 22 unused Assets to reduce memory usage. Loaded Objects now: 2753.
Total: 5.558400 ms (FindLiveObjects: 0.549200 ms CreateObjectMapping: 0.251700 ms MarkObjects: 3.941200 ms  DeleteObjects: 0.813900 ms)

========================================================================
Received Prepare
Registering precompiled user dll's ...
Registered in 0.006300 seconds.
Begin MonoManager ReloadAssembly
Native extension for WindowsStandalone target not found
Native extension for WebGL target not found
Refreshing native plugins compatible for Editor in 0.98 ms, found 3 plugins.
Preloading 0 native plugins for Editor in 0.00 ms.
Mono: successfully reloaded assembly
- Completed reload, in  2.479 seconds
Platform modules already initialized, skipping
Refreshing native plugins compatible for Editor in 1.06 ms, found 3 plugins.
Preloading 0 native plugins for Editor in 0.00 ms.
Unloading 2227 Unused Serialized files (Serialized files now loaded: 0)
System memory in use before: 101.6 MB.
System memory in use after: 101.6 MB.

Unloading 22 unused Assets to reduce memory usage. Loaded Objects now: 2757.
Total: 6.042200 ms (FindLiveObjects: 0.360600 ms CreateObjectMapping: 0.219000 ms MarkObjects: 3.757200 ms  DeleteObjects: 1.702900 ms)

========================================================================
Received Prepare
Registering precompiled user dll's ...
Registered in 0.020182 seconds.
Begin MonoManager ReloadAssembly
Native extension for WindowsStandalone target not found
Native extension for WebGL target not found
Refreshing native plugins compatible for Editor in 1.01 ms, found 3 plugins.
Preloading 0 native plugins for Editor in 0.00 ms.
Mono: successfully reloaded assembly
- Completed reload, in  4.479 seconds
Platform modules already initialized, skipping
Refreshing native plugins compatible for Editor in 1.53 ms, found 3 plugins.
Preloading 0 native plugins for Editor in 0.00 ms.
Unloading 2227 Unused Serialized files (Serialized files now loaded: 0)
System memory in use before: 101.5 MB.
System memory in use after: 101.6 MB.

Unloading 22 unused Assets to reduce memory usage. Loaded Objects now: 2761.
Total: 7.918900 ms (FindLiveObjects: 1.586700 ms CreateObjectMapping: 0.550300 ms MarkObjects: 5.452700 ms  DeleteObjects: 0.325500 ms)

========================================================================
Received Prepare
Registering precompiled user dll's ...
Registered in 0.008548 seconds.
Begin MonoManager ReloadAssembly
Native extension for WindowsStandalone target not found
Native extension for WebGL target not found
Refreshing native plugins compatible for Editor in 0.87 ms, found 3 plugins.
Preloading 0 native plugins for Editor in 0.00 ms.
Mono: successfully reloaded assembly
- Completed reload, in  1.951 seconds
Platform modules already initialized, skipping
Refreshing native plugins compatible for Editor in 0.70 ms, found 3 plugins.
Preloading 0 native plugins for Editor in 0.00 ms.
Unloading 2227 Unused Serialized files (Serialized files now loaded: 0)
System memory in use before: 101.6 MB.
System memory in use after: 101.7 MB.

Unloading 22 unused Assets to reduce memory usage. Loaded Objects now: 2765.
Total: 3.536600 ms (FindLiveObjects: 0.374200 ms CreateObjectMapping: 0.227900 ms MarkObjects: 2.736900 ms  DeleteObjects: 0.195800 ms)

========================================================================
Received Prepare
Registering precompiled user dll's ...
Registered in 0.008507 seconds.
Begin MonoManager ReloadAssembly
Native extension for WindowsStandalone target not found
Native extension for WebGL target not found
Refreshing native plugins compatible for Editor in 1.32 ms, found 3 plugins.
Preloading 0 native plugins for Editor in 0.00 ms.
Mono: successfully reloaded assembly
- Completed reload, in  2.814 seconds
Platform modules already initialized, skipping
Refreshing native plugins compatible for Editor in 1.05 ms, found 3 plugins.
Preloading 0 native plugins for Editor in 0.00 ms.
Unloading 2227 Unused Serialized files (Serialized files now loaded: 0)
System memory in use before: 101.6 MB.
System memory in use after: 101.7 MB.

Unloading 22 unused Assets to reduce memory usage. Loaded Objects now: 2769.
Total: 5.656800 ms (FindLiveObjects: 0.390700 ms CreateObjectMapping: 0.153300 ms MarkObjects: 4.197800 ms  DeleteObjects: 0.908800 ms)

========================================================================
Received Prepare
Registering precompiled user dll's ...
Registered in 0.007216 seconds.
Begin MonoManager ReloadAssembly
Native extension for WindowsStandalone target not found
Native extension for WebGL target not found
Refreshing native plugins compatible for Editor in 0.73 ms, found 3 plugins.
Preloading 0 native plugins for Editor in 0.00 ms.
Mono: successfully reloaded assembly
- Completed reload, in  2.521 seconds
Platform modules already initialized, skipping
Refreshing native plugins compatible for Editor in 1.18 ms, found 3 plugins.
Preloading 0 native plugins for Editor in 0.00 ms.
Unloading 2227 Unused Serialized files (Serialized files now loaded: 0)
System memory in use before: 101.6 MB.
System memory in use after: 101.7 MB.

Unloading 22 unused Assets to reduce memory usage. Loaded Objects now: 2773.
Total: 4.937000 ms (FindLiveObjects: 0.265800 ms CreateObjectMapping: 0.114300 ms MarkObjects: 4.391300 ms  DeleteObjects: 0.163600 ms)

========================================================================
Received Prepare
Registering precompiled user dll's ...
Registered in 0.038517 seconds.
Begin MonoManager ReloadAssembly
Native extension for WindowsStandalone target not found
Native extension for WebGL target not found
Refreshing native plugins compatible for Editor in 1.22 ms, found 3 plugins.
Preloading 0 native plugins for Editor in 0.00 ms.
Mono: successfully reloaded assembly
- Completed reload, in  3.999 seconds
Platform modules already initialized, skipping
Refreshing native plugins compatible for Editor in 0.92 ms, found 3 plugins.
Preloading 0 native plugins for Editor in 0.00 ms.
Unloading 2227 Unused Serialized files (Serialized files now loaded: 0)
System memory in use before: 101.6 MB.
System memory in use after: 101.7 MB.

Unloading 22 unused Assets to reduce memory usage. Loaded Objects now: 2777.
Total: 14.272000 ms (FindLiveObjects: 3.158900 ms CreateObjectMapping: 0.248600 ms MarkObjects: 10.028800 ms  DeleteObjects: 0.833400 ms)

========================================================================
Received Import Request.
  Time since last request: 42023.560576 seconds.
  path: ProjectSettings/TagManager.asset
  artifactKey: Guid(00000000000000003000000000000000) Importer(815301076,1909f56bfc062723c751e8b465ee728b)
Start importing ProjectSettings/TagManager.asset using Guid(00000000000000003000000000000000) Importer(815301076,1909f56bfc062723c751e8b465ee728b)  -> (artifact id: 'e7998b4280dcc0f3b19e25a3fa4a409a') in 0.100835 seconds
  Import took 0.118265 seconds .

========================================================================
Received Prepare
Registering precompiled user dll's ...
Registered in 0.012041 seconds.
Begin MonoManager ReloadAssembly
Native extension for WindowsStandalone target not found
Native extension for WebGL target not found
Refreshing native plugins compatible for Editor in 1.04 ms, found 3 plugins.
Preloading 0 native plugins for Editor in 0.00 ms.
Mono: successfully reloaded assembly
- Completed reload, in  2.453 seconds
Platform modules already initialized, skipping
Refreshing native plugins compatible for Editor in 2.40 ms, found 3 plugins.
Preloading 0 native plugins for Editor in 0.00 ms.
Unloading 2227 Unused Serialized files (Serialized files now loaded: 0)
System memory in use before: 101.5 MB.
System memory in use after: 101.6 MB.

Unloading 23 unused Assets to reduce memory usage. Loaded Objects now: 2781.
Total: 4.983000 ms (FindLiveObjects: 0.537800 ms CreateObjectMapping: 0.217600 ms MarkObjects: 4.017700 ms  DeleteObjects: 0.207000 ms)

========================================================================
Received Prepare
Registering precompiled user dll's ...
Registered in 0.021944 seconds.
Begin MonoManager ReloadAssembly
Native extension for WindowsStandalone target not found
Native extension for WebGL target not found
Refreshing native plugins compatible for Editor in 0.61 ms, found 3 plugins.
Preloading 0 native plugins for Editor in 0.00 ms.
Mono: successfully reloaded assembly
- Completed reload, in  3.183 seconds
Platform modules already initialized, skipping
Refreshing native plugins compatible for Editor in 1.11 ms, found 3 plugins.
Preloading 0 native plugins for Editor in 0.00 ms.
Unloading 2227 Unused Serialized files (Serialized files now loaded: 0)
System memory in use before: 101.6 MB.
System memory in use after: 101.7 MB.

Unloading 22 unused Assets to reduce memory usage. Loaded Objects now: 2785.
Total: 4.266400 ms (FindLiveObjects: 0.336800 ms CreateObjectMapping: 0.194500 ms MarkObjects: 3.511700 ms  DeleteObjects: 0.221100 ms)

========================================================================
Received Prepare
Registering precompiled user dll's ...
Registered in 0.014455 seconds.
Begin MonoManager ReloadAssembly
Native extension for WindowsStandalone target not found
Native extension for WebGL target not found
Refreshing native plugins compatible for Editor in 1.03 ms, found 3 plugins.
Preloading 0 native plugins for Editor in 0.00 ms.
Mono: successfully reloaded assembly
- Completed reload, in  2.426 seconds
Platform modules already initialized, skipping
Refreshing native plugins compatible for Editor in 0.92 ms, found 3 plugins.
Preloading 0 native plugins for Editor in 0.00 ms.
Unloading 2227 Unused Serialized files (Serialized files now loaded: 0)
System memory in use before: 101.6 MB.
System memory in use after: 101.7 MB.

Unloading 22 unused Assets to reduce memory usage. Loaded Objects now: 2789.
Total: 6.094700 ms (FindLiveObjects: 0.941900 ms CreateObjectMapping: 0.263000 ms MarkObjects: 4.716000 ms  DeleteObjects: 0.171600 ms)

========================================================================
Received Prepare
Registering precompiled user dll's ...
Registered in 0.031922 seconds.
Begin MonoManager ReloadAssembly
Native extension for WindowsStandalone target not found
Native extension for WebGL target not found
Refreshing native plugins compatible for Editor in 0.59 ms, found 3 plugins.
Preloading 0 native plugins for Editor in 0.00 ms.
Mono: successfully reloaded assembly
- Completed reload, in  1.922 seconds
Platform modules already initialized, skipping
Refreshing native plugins compatible for Editor in 0.73 ms, found 3 plugins.
Preloading 0 native plugins for Editor in 0.00 ms.
Unloading 2227 Unused Serialized files (Serialized files now loaded: 0)
System memory in use before: 101.7 MB.
System memory in use after: 101.7 MB.

Unloading 22 unused Assets to reduce memory usage. Loaded Objects now: 2793.
Total: 5.497800 ms (FindLiveObjects: 0.339600 ms CreateObjectMapping: 0.235900 ms MarkObjects: 3.947000 ms  DeleteObjects: 0.973200 ms)

========================================================================
Received Prepare
Registering precompiled user dll's ...
Registered in 0.006169 seconds.
Begin MonoManager ReloadAssembly
Native extension for WindowsStandalone target not found
Native extension for WebGL target not found
Refreshing native plugins compatible for Editor in 1.01 ms, found 3 plugins.
Preloading 0 native plugins for Editor in 0.00 ms.
Mono: successfully reloaded assembly
- Completed reload, in  2.278 seconds
Platform modules already initialized, skipping
Refreshing native plugins compatible for Editor in 1.13 ms, found 3 plugins.
Preloading 0 native plugins for Editor in 0.00 ms.
Unloading 2227 Unused Serialized files (Serialized files now loaded: 0)
System memory in use before: 101.7 MB.
System memory in use after: 101.8 MB.

Unloading 22 unused Assets to reduce memory usage. Loaded Objects now: 2797.
Total: 8.849400 ms (FindLiveObjects: 1.426900 ms CreateObjectMapping: 0.277500 ms MarkObjects: 6.766500 ms  DeleteObjects: 0.375500 ms)

========================================================================
Received Prepare
Registering precompiled user dll's ...
Registered in 0.010217 seconds.
Begin MonoManager ReloadAssembly
Native extension for WindowsStandalone target not found
Native extension for WebGL target not found
Refreshing native plugins compatible for Editor in 1.01 ms, found 3 plugins.
Preloading 0 native plugins for Editor in 0.00 ms.
Mono: successfully reloaded assembly
- Completed reload, in  3.472 seconds
Platform modules already initialized, skipping
Refreshing native plugins compatible for Editor in 1.31 ms, found 3 plugins.
Preloading 0 native plugins for Editor in 0.00 ms.
Unloading 2227 Unused Serialized files (Serialized files now loaded: 0)
System memory in use before: 101.6 MB.
System memory in use after: 101.7 MB.

Unloading 22 unused Assets to reduce memory usage. Loaded Objects now: 2801.
Total: 3.630100 ms (FindLiveObjects: 0.303800 ms CreateObjectMapping: 0.125100 ms MarkObjects: 2.959800 ms  DeleteObjects: 0.239400 ms)

========================================================================
Received Prepare
Registering precompiled user dll's ...
Registered in 0.005456 seconds.
Begin MonoManager ReloadAssembly
Native extension for WindowsStandalone target not found
Native extension for WebGL target not found
Refreshing native plugins compatible for Editor in 0.65 ms, found 3 plugins.
Preloading 0 native plugins for Editor in 0.00 ms.
Mono: successfully reloaded assembly
- Completed reload, in  2.379 seconds
Platform modules already initialized, skipping
Refreshing native plugins compatible for Editor in 1.11 ms, found 3 plugins.
Preloading 0 native plugins for Editor in 0.00 ms.
Unloading 2227 Unused Serialized files (Serialized files now loaded: 0)
System memory in use before: 101.6 MB.
System memory in use after: 101.7 MB.

Unloading 22 unused Assets to reduce memory usage. Loaded Objects now: 2805.
Total: 3.607100 ms (FindLiveObjects: 0.400400 ms CreateObjectMapping: 0.209000 ms MarkObjects: 2.793900 ms  DeleteObjects: 0.201700 ms)

========================================================================
Received Prepare
Registering precompiled user dll's ...
Registered in 0.007340 seconds.
Begin MonoManager ReloadAssembly
Native extension for WindowsStandalone target not found
Native extension for WebGL target not found
Refreshing native plugins compatible for Editor in 0.91 ms, found 3 plugins.
Preloading 0 native plugins for Editor in 0.00 ms.
Mono: successfully reloaded assembly
- Completed reload, in  2.514 seconds
Platform modules already initialized, skipping
Refreshing native plugins compatible for Editor in 1.07 ms, found 3 plugins.
Preloading 0 native plugins for Editor in 0.00 ms.
Unloading 2227 Unused Serialized files (Serialized files now loaded: 0)
System memory in use before: 101.6 MB.
System memory in use after: 101.7 MB.

Unloading 22 unused Assets to reduce memory usage. Loaded Objects now: 2809.
Total: 6.791400 ms (FindLiveObjects: 0.675800 ms CreateObjectMapping: 0.398200 ms MarkObjects: 5.453200 ms  DeleteObjects: 0.261000 ms)

========================================================================
Received Prepare
Registering precompiled user dll's ...
Registered in 0.005556 seconds.
Begin MonoManager ReloadAssembly
Native extension for WindowsStandalone target not found
Native extension for WebGL target not found
Refreshing native plugins compatible for Editor in 0.67 ms, found 3 plugins.
Preloading 0 native plugins for Editor in 0.00 ms.
Mono: successfully reloaded assembly
- Completed reload, in  2.030 seconds
Platform modules already initialized, skipping
Refreshing native plugins compatible for Editor in 1.46 ms, found 3 plugins.
Preloading 0 native plugins for Editor in 0.00 ms.
Unloading 2227 Unused Serialized files (Serialized files now loaded: 0)
System memory in use before: 101.6 MB.
System memory in use after: 101.7 MB.

Unloading 22 unused Assets to reduce memory usage. Loaded Objects now: 2813.
Total: 4.288000 ms (FindLiveObjects: 0.365600 ms CreateObjectMapping: 0.251200 ms MarkObjects: 3.010000 ms  DeleteObjects: 0.658900 ms)

========================================================================
Received Prepare
Registering precompiled user dll's ...
Registered in 0.007709 seconds.
Begin MonoManager ReloadAssembly
Native extension for WindowsStandalone target not found
Native extension for WebGL target not found
Refreshing native plugins compatible for Editor in 1.02 ms, found 3 plugins.
Preloading 0 native plugins for Editor in 0.00 ms.
Mono: successfully reloaded assembly
- Completed reload, in  2.363 seconds
Platform modules already initialized, skipping
Refreshing native plugins compatible for Editor in 5.52 ms, found 3 plugins.
Preloading 0 native plugins for Editor in 0.00 ms.
Unloading 2227 Unused Serialized files (Serialized files now loaded: 0)
System memory in use before: 101.6 MB.
System memory in use after: 101.7 MB.

Unloading 22 unused Assets to reduce memory usage. Loaded Objects now: 2817.
Total: 7.443700 ms (FindLiveObjects: 1.486500 ms CreateObjectMapping: 0.568000 ms MarkObjects: 4.942500 ms  DeleteObjects: 0.440400 ms)

========================================================================
Received Prepare
Registering precompiled user dll's ...
Registered in 0.021828 seconds.
Begin MonoManager ReloadAssembly
Native extension for WindowsStandalone target not found
Native extension for WebGL target not found
Refreshing native plugins compatible for Editor in 0.57 ms, found 3 plugins.
Preloading 0 native plugins for Editor in 0.00 ms.
Mono: successfully reloaded assembly
- Completed reload, in  2.343 seconds
Platform modules already initialized, skipping
Refreshing native plugins compatible for Editor in 0.75 ms, found 3 plugins.
Preloading 0 native plugins for Editor in 0.00 ms.
Unloading 2227 Unused Serialized files (Serialized files now loaded: 0)
System memory in use before: 101.6 MB.
System memory in use after: 101.7 MB.

Unloading 22 unused Assets to reduce memory usage. Loaded Objects now: 2821.
Total: 4.763700 ms (FindLiveObjects: 0.329500 ms CreateObjectMapping: 0.131000 ms MarkObjects: 3.617000 ms  DeleteObjects: 0.683600 ms)

========================================================================
Received Prepare
Registering precompiled user dll's ...
Registered in 0.012232 seconds.
Begin MonoManager ReloadAssembly
Native extension for WindowsStandalone target not found
Native extension for WebGL target not found
Refreshing native plugins compatible for Editor in 0.83 ms, found 3 plugins.
Preloading 0 native plugins for Editor in 0.00 ms.
Mono: successfully reloaded assembly
- Completed reload, in  2.875 seconds
Platform modules already initialized, skipping
Refreshing native plugins compatible for Editor in 1.03 ms, found 3 plugins.
Preloading 0 native plugins for Editor in 0.00 ms.
Unloading 2227 Unused Serialized files (Serialized files now loaded: 0)
System memory in use before: 101.6 MB.
System memory in use after: 101.7 MB.

Unloading 22 unused Assets to reduce memory usage. Loaded Objects now: 2825.
Total: 6.193800 ms (FindLiveObjects: 0.565900 ms CreateObjectMapping: 0.262600 ms MarkObjects: 4.466100 ms  DeleteObjects: 0.895300 ms)

========================================================================
Received Prepare
Registering precompiled user dll's ...
Registered in 0.005997 seconds.
Begin MonoManager ReloadAssembly
Native extension for WindowsStandalone target not found
Native extension for WebGL target not found
Refreshing native plugins compatible for Editor in 0.54 ms, found 3 plugins.
Preloading 0 native plugins for Editor in 0.00 ms.
Mono: successfully reloaded assembly
- Completed reload, in  2.556 seconds
Platform modules already initialized, skipping
Refreshing native plugins compatible for Editor in 1.63 ms, found 3 plugins.
Preloading 0 native plugins for Editor in 0.00 ms.
Unloading 2227 Unused Serialized files (Serialized files now loaded: 0)
System memory in use before: 101.7 MB.
System memory in use after: 101.8 MB.

Unloading 22 unused Assets to reduce memory usage. Loaded Objects now: 2829.
Total: 3.616100 ms (FindLiveObjects: 0.581900 ms CreateObjectMapping: 0.228600 ms MarkObjects: 2.652300 ms  DeleteObjects: 0.151300 ms)

========================================================================
Received Prepare
Registering precompiled user dll's ...
Registered in 0.009089 seconds.
Begin MonoManager ReloadAssembly
Native extension for WindowsStandalone target not found
Native extension for WebGL target not found
Refreshing native plugins compatible for Editor in 1.78 ms, found 3 plugins.
Preloading 0 native plugins for Editor in 0.00 ms.
Mono: successfully reloaded assembly
- Completed reload, in  2.040 seconds
Platform modules already initialized, skipping
Refreshing native plugins compatible for Editor in 1.07 ms, found 3 plugins.
Preloading 0 native plugins for Editor in 0.00 ms.
Unloading 2227 Unused Serialized files (Serialized files now loaded: 0)
System memory in use before: 101.7 MB.
System memory in use after: 101.8 MB.

Unloading 22 unused Assets to reduce memory usage. Loaded Objects now: 2833.
Total: 5.856400 ms (FindLiveObjects: 0.402500 ms CreateObjectMapping: 0.211200 ms MarkObjects: 5.088600 ms  DeleteObjects: 0.152400 ms)

========================================================================
Received Import Request.
  Time since last request: 4309.704257 seconds.
  path: Assets/Prefabs/Camera Setup.prefab
  artifactKey: Guid(844804c9866b3b54d8b5386ef18f3da9) Importer(815301076,1909f56bfc062723c751e8b465ee728b)
Start importing Assets/Prefabs/Camera Setup.prefab using Guid(844804c9866b3b54d8b5386ef18f3da9) Importer(815301076,1909f56bfc062723c751e8b465ee728b)  -> (artifact id: '8be94fba4d4184c8fb7eb5aa90e6741a') in 0.119711 seconds
  Import took 0.130424 seconds .

========================================================================
Received Import Request.
  Time since last request: 3.679989 seconds.
  path: Assets/Scenes/Level1.unity
  artifactKey: Guid(81fb87451ba8abb45a7eb7ae0e49ce41) Importer(815301076,1909f56bfc062723c751e8b465ee728b)
Start importing Assets/Scenes/Level1.unity using Guid(81fb87451ba8abb45a7eb7ae0e49ce41) Importer(815301076,1909f56bfc062723c751e8b465ee728b)  -> (artifact id: 'c7539524db6b3192f3a6d5a58bcee2d7') in 0.022916 seconds
  Import took 0.032626 seconds .

========================================================================
Received Prepare
Registering precompiled user dll's ...
Registered in 0.009536 seconds.
Begin MonoManager ReloadAssembly
Native extension for WindowsStandalone target not found
Native extension for WebGL target not found
Refreshing native plugins compatible for Editor in 0.82 ms, found 3 plugins.
Preloading 0 native plugins for Editor in 0.00 ms.
Mono: successfully reloaded assembly
- Completed reload, in  1.798 seconds
Platform modules already initialized, skipping
Refreshing native plugins compatible for Editor in 1.02 ms, found 3 plugins.
Preloading 0 native plugins for Editor in 0.00 ms.
Unloading 2227 Unused Serialized files (Serialized files now loaded: 0)
System memory in use before: 101.8 MB.
System memory in use after: 101.8 MB.

Unloading 22 unused Assets to reduce memory usage. Loaded Objects now: 2837.
Total: 3.920400 ms (FindLiveObjects: 0.343100 ms CreateObjectMapping: 0.195400 ms MarkObjects: 3.034100 ms  DeleteObjects: 0.345600 ms)

========================================================================
Received Import Request.
  Time since last request: 707.243723 seconds.
  path: Assets/Physics
  artifactKey: Guid(9a3ad473ad42d0046a9bdb05c0e2523c) Importer(815301076,1909f56bfc062723c751e8b465ee728b)
Start importing Assets/Physics using Guid(9a3ad473ad42d0046a9bdb05c0e2523c) Importer(815301076,1909f56bfc062723c751e8b465ee728b)  -> (artifact id: '08a648942747387701925f68ea7494fd') in 0.035518 seconds
  Import took 0.044821 seconds .

========================================================================
Received Import Request.
  Time since last request: 17.366028 seconds.
  path: Assets/Physics/New Physic Material.physicMaterial
  artifactKey: Guid(7fd598b9cec58ee47b1f0ff6aba04381) Importer(815301076,1909f56bfc062723c751e8b465ee728b)
Start importing Assets/Physics/New Physic Material.physicMaterial using Guid(7fd598b9cec58ee47b1f0ff6aba04381) Importer(815301076,1909f56bfc062723c751e8b465ee728b)  -> (artifact id: 'a4e24f81fe314f1a399c77a1dbe6f505') in 0.065736 seconds
  Import took 0.081895 seconds .

========================================================================
Received Import Request.
  Time since last request: 46.349378 seconds.
  path: Assets/Physics/Bounciness.physicMaterial
  artifactKey: Guid(7fd598b9cec58ee47b1f0ff6aba04381) Importer(815301076,1909f56bfc062723c751e8b465ee728b)
Start importing Assets/Physics/Bounciness.physicMaterial using Guid(7fd598b9cec58ee47b1f0ff6aba04381) Importer(815301076,1909f56bfc062723c751e8b465ee728b)  -> (artifact id: 'c465ccc8af67c6d0e11ef8bc7b98b6be') in 0.025312 seconds
  Import took 0.032555 seconds .

========================================================================
Received Import Request.
  Time since last request: 32.261610 seconds.
  path: Assets/Physics/New Physics Material 2D.physicsMaterial2D
  artifactKey: Guid(e84dd695cafb6ec4fa33be2d93adc7a2) Importer(815301076,1909f56bfc062723c751e8b465ee728b)
Start importing Assets/Physics/New Physics Material 2D.physicsMaterial2D using Guid(e84dd695cafb6ec4fa33be2d93adc7a2) Importer(815301076,1909f56bfc062723c751e8b465ee728b)  -> (artifact id: '6f3922d45ea03c01687b83a325599ba5') in 0.050312 seconds
  Import took 0.059609 seconds .

========================================================================
Received Import Request.
  Time since last request: 0.002720 seconds.
  path: Assets/Physics/New Physics Material 2D.physicsMaterial2D
  artifactKey: Guid(e84dd695cafb6ec4fa33be2d93adc7a2) Importer(815301076,1909f56bfc062723c751e8b465ee728b)
Start importing Assets/Physics/New Physics Material 2D.physicsMaterial2D using Guid(e84dd695cafb6ec4fa33be2d93adc7a2) Importer(815301076,1909f56bfc062723c751e8b465ee728b)  -> (artifact id: '6f3922d45ea03c01687b83a325599ba5') in 0.031089 seconds
  Import took 0.040738 seconds .

========================================================================
Received Import Request.
  Time since last request: 23.259981 seconds.
  path: Assets/Physics/Bounciness.physicsMaterial2D
  artifactKey: Guid(e84dd695cafb6ec4fa33be2d93adc7a2) Importer(815301076,1909f56bfc062723c751e8b465ee728b)
Start importing Assets/Physics/Bounciness.physicsMaterial2D using Guid(e84dd695cafb6ec4fa33be2d93adc7a2) Importer(815301076,1909f56bfc062723c751e8b465ee728b)  -> (artifact id: '2b2421e8243da9b48d198c5cee0c9c15') in 0.022805 seconds
  Import took 0.030355 seconds .

========================================================================
Received Prepare
Registering precompiled user dll's ...
Registered in 0.007849 seconds.
Begin MonoManager ReloadAssembly
Native extension for WindowsStandalone target not found
Native extension for WebGL target not found
Refreshing native plugins compatible for Editor in 0.72 ms, found 3 plugins.
Preloading 0 native plugins for Editor in 0.00 ms.
Mono: successfully reloaded assembly
- Completed reload, in  2.207 seconds
Platform modules already initialized, skipping
Refreshing native plugins compatible for Editor in 1.09 ms, found 3 plugins.
Preloading 0 native plugins for Editor in 0.00 ms.
Unloading 2227 Unused Serialized files (Serialized files now loaded: 0)
System memory in use before: 101.8 MB.
System memory in use after: 101.9 MB.

Unloading 22 unused Assets to reduce memory usage. Loaded Objects now: 2841.
Total: 3.491900 ms (FindLiveObjects: 0.304500 ms CreateObjectMapping: 0.124800 ms MarkObjects: 2.839100 ms  DeleteObjects: 0.220600 ms)

========================================================================
Received Prepare
Registering precompiled user dll's ...
Registered in 0.005534 seconds.
Begin MonoManager ReloadAssembly
Native extension for WindowsStandalone target not found
Native extension for WebGL target not found
Refreshing native plugins compatible for Editor in 1.36 ms, found 3 plugins.
Preloading 0 native plugins for Editor in 0.00 ms.
Mono: successfully reloaded assembly
- Completed reload, in  2.607 seconds
Platform modules already initialized, skipping
Refreshing native plugins compatible for Editor in 1.09 ms, found 3 plugins.
Preloading 0 native plugins for Editor in 0.00 ms.
Unloading 2227 Unused Serialized files (Serialized files now loaded: 0)
System memory in use before: 101.7 MB.
System memory in use after: 101.8 MB.

Unloading 22 unused Assets to reduce memory usage. Loaded Objects now: 2845.
Total: 3.882700 ms (FindLiveObjects: 0.389300 ms CreateObjectMapping: 0.215300 ms MarkObjects: 3.108300 ms  DeleteObjects: 0.167600 ms)

========================================================================
Received Prepare
Registering precompiled user dll's ...
Registered in 0.005145 seconds.
Begin MonoManager ReloadAssembly
Native extension for WindowsStandalone target not found
Native extension for WebGL target not found
Refreshing native plugins compatible for Editor in 0.83 ms, found 3 plugins.
Preloading 0 native plugins for Editor in 0.00 ms.
Mono: successfully reloaded assembly
- Completed reload, in  2.286 seconds
Platform modules already initialized, skipping
Refreshing native plugins compatible for Editor in 1.23 ms, found 3 plugins.
Preloading 0 native plugins for Editor in 0.00 ms.
Unloading 2227 Unused Serialized files (Serialized files now loaded: 0)
System memory in use before: 101.8 MB.
System memory in use after: 101.9 MB.

Unloading 22 unused Assets to reduce memory usage. Loaded Objects now: 2849.
Total: 3.493100 ms (FindLiveObjects: 0.308800 ms CreateObjectMapping: 0.123800 ms MarkObjects: 2.879700 ms  DeleteObjects: 0.178600 ms)

========================================================================
Received Import Request.
  Time since last request: 2028.575119 seconds.
  path: Assets/Scenes/New Scene.unity
  artifactKey: Guid(321d6aed1c909d54292f9f340b37de63) Importer(815301076,1909f56bfc062723c751e8b465ee728b)
Start importing Assets/Scenes/New Scene.unity using Guid(321d6aed1c909d54292f9f340b37de63) Importer(815301076,1909f56bfc062723c751e8b465ee728b)  -> (artifact id: 'd41dead68fc1e05fccd9b21affcebb5f') in 0.965399 seconds
  Import took 1.131809 seconds .

========================================================================
Received Import Request.
  Time since last request: 7.781613 seconds.
  path: Assets/Scenes/Menu.unity
  artifactKey: Guid(321d6aed1c909d54292f9f340b37de63) Importer(815301076,1909f56bfc062723c751e8b465ee728b)
Start importing Assets/Scenes/Menu.unity using Guid(321d6aed1c909d54292f9f340b37de63) Importer(815301076,1909f56bfc062723c751e8b465ee728b)  -> (artifact id: '3d79734a0adf63d625cf0852b7b5cf0f') in 0.025232 seconds
  Import took 0.035033 seconds .

========================================================================
Received Import Request.
  Time since last request: 59192.992158 seconds.
  path: Assets/Scenes/Level1.unity
  artifactKey: Guid(81fb87451ba8abb45a7eb7ae0e49ce41) Importer(815301076,1909f56bfc062723c751e8b465ee728b)
Start importing Assets/Scenes/Level1.unity using Guid(81fb87451ba8abb45a7eb7ae0e49ce41) Importer(815301076,1909f56bfc062723c751e8b465ee728b)  -> (artifact id: 'b3f51e8186080c3b2e11159173c807de') in 0.167743 seconds
  Import took 0.685473 seconds .

========================================================================
Received Import Request.
  Time since last request: 0.975920 seconds.
  path: Assets/Scenes/Level2.unity
  artifactKey: Guid(58062072dda2601409f109e224b8b408) Importer(815301076,1909f56bfc062723c751e8b465ee728b)
Start importing Assets/Scenes/Level2.unity using Guid(58062072dda2601409f109e224b8b408) Importer(815301076,1909f56bfc062723c751e8b465ee728b)  -> (artifact id: '835efc5c3f372da2ef17e647c8243a30') in 0.032744 seconds
  Import took 0.041196 seconds .

========================================================================
Received Prepare
Registering precompiled user dll's ...
Registered in 0.386536 seconds.
Begin MonoManager ReloadAssembly
Native extension for WindowsStandalone target not found
Native extension for WebGL target not found
Refreshing native plugins compatible for Editor in 2.04 ms, found 3 plugins.
Preloading 0 native plugins for Editor in 0.00 ms.
Mono: successfully reloaded assembly
- Completed reload, in  4.278 seconds
Platform modules already initialized, skipping
Refreshing native plugins compatible for Editor in 0.83 ms, found 3 plugins.
Preloading 0 native plugins for Editor in 0.00 ms.
Unloading 2227 Unused Serialized files (Serialized files now loaded: 0)
System memory in use before: 101.8 MB.
System memory in use after: 101.9 MB.

Unloading 22 unused Assets to reduce memory usage. Loaded Objects now: 2853.
Total: 6.850400 ms (FindLiveObjects: 0.539100 ms CreateObjectMapping: 0.290100 ms MarkObjects: 5.399900 ms  DeleteObjects: 0.617300 ms)

========================================================================
Received Prepare
Registering precompiled user dll's ...
Registered in 0.027925 seconds.
Begin MonoManager ReloadAssembly
Native extension for WindowsStandalone target not found
Native extension for WebGL target not found
Refreshing native plugins compatible for Editor in 0.60 ms, found 3 plugins.
Preloading 0 native plugins for Editor in 0.00 ms.
Mono: successfully reloaded assembly
- Completed reload, in  4.220 seconds
Platform modules already initialized, skipping
Refreshing native plugins compatible for Editor in 1.27 ms, found 3 plugins.
Preloading 0 native plugins for Editor in 0.00 ms.
Unloading 2227 Unused Serialized files (Serialized files now loaded: 0)
System memory in use before: 101.8 MB.
System memory in use after: 101.9 MB.

Unloading 22 unused Assets to reduce memory usage. Loaded Objects now: 2857.
Total: 12.409600 ms (FindLiveObjects: 0.611500 ms CreateObjectMapping: 0.326500 ms MarkObjects: 10.917400 ms  DeleteObjects: 0.549400 ms)

AssetImportWorkerClient::OnTransportError - code=2 error=End of file
